<?xml version="1.0" encoding="UTF-8"?>
<!-- Generated by org.testng.reporters.JUnitReportReporter -->
<testsuite hostname="N-5CG72665JY" failures="0" tests="3" name="io.vlabs.testng.data.TC_Selenium_01" time="9.945" errors="0" timestamp="2020-03-08T17:24:18 IST" skipped="2">
  <testcase classname="io.vlabs.testng.data.TC_Selenium_01" name="gmailTest" time="9.945"/>
  <system-out/>
  <testcase classname="io.vlabs.testng.data.TC_Selenium_01" name="googleLogoTest">
    <skipped/>
  </testcase> <!-- googleLogoTest -->
  <system-out/>
  <testcase classname="io.vlabs.testng.data.TC_Selenium_01" name="googleTitleTest">
    <skipped/>
  </testcase> <!-- googleTitleTest -->
  <system-out/>
</testsuite> <!-- io.vlabs.testng.data.TC_Selenium_01 -->
