<?xml version="1.0" encoding="UTF-8"?>
<!-- Generated by org.testng.reporters.JUnitReportReporter -->
<testsuite hostname="N-5CG72665JY" failures="0" tests="2" name="io.vlabs.testng.data.TC_001" time="0.018" errors="0" timestamp="2020-03-02T22:26:08 IST" skipped="0">
  <testcase classname="io.vlabs.testng.data.TC_001" name="method6" time="0.003"/>
  <system-out/>
  <testcase classname="io.vlabs.testng.data.TC_001" name="method12" time="0.015"/>
  <system-out/>
</testsuite> <!-- io.vlabs.testng.data.TC_001 -->
