<?xml version="1.0" encoding="UTF-8"?>
<!-- Generated by org.testng.reporters.JUnitReportReporter -->
<testsuite hostname="N-5CG72665JY" failures="0" tests="3" name="io.vlabs.testng.data.TC_Selenium_01" time="19.281" errors="0" timestamp="2020-03-03T08:34:39 IST" skipped="0">
  <testcase classname="io.vlabs.testng.data.TC_Selenium_01" name="googleTitleTest" time="6.129"/>
  <system-out/>
  <testcase classname="io.vlabs.testng.data.TC_Selenium_01" name="mailLinkTest" time="6.854"/>
  <system-out/>
  <testcase classname="io.vlabs.testng.data.TC_Selenium_01" name="googleLogoTest" time="6.298"/>
  <system-out/>
</testsuite> <!-- io.vlabs.testng.data.TC_Selenium_01 -->
