<?xml version="1.0" encoding="UTF-8"?>
<!-- Generated by org.testng.reporters.JUnitReportReporter -->
<testsuite hostname="N-5CG72665JY" failures="0" tests="1" name="io.vlabs.testng.testdata.ExceptionTest" time="0.020" errors="0" timestamp="2020-03-10T19:38:55 IST" skipped="0">
  <testcase classname="io.vlabs.testng.testdata.ExceptionTest" name="exceptionTest" time="0.020"/>
  <system-out/>
</testsuite> <!-- io.vlabs.testng.testdata.ExceptionTest -->
